2015-06-06 15:23:53 Error: [Cake\Routing\Exception\MissingControllerException] Controller class Files could not be found.
Exception Attributes: array (
  'class' => 'Files',
  'plugin' => NULL,
  'prefix' => NULL,
  '_ext' => NULL,
)
Request URL: /SudoFeedMe/files/issues/%7B%7Bimage%7D%7D
Stack Trace:
#0 C:\xampp\htdocs\SudoFeedMe\webroot\index.php(37): Cake\Routing\Dispatcher->dispatch(Object(Cake\Network\Request), Object(Cake\Network\Response))
#1 {main}


2015-06-06 15:24:46 Error: [Cake\Routing\Exception\MissingControllerException] Controller class Files could not be found.
Exception Attributes: array (
  'class' => 'Files',
  'plugin' => NULL,
  'prefix' => NULL,
  '_ext' => NULL,
)
Request URL: /SudoFeedMe/files/issues/%7B%7Bimage%7D%7D
Stack Trace:
#0 C:\xampp\htdocs\SudoFeedMe\webroot\index.php(37): Cake\Routing\Dispatcher->dispatch(Object(Cake\Network\Request), Object(Cake\Network\Response))
#1 {main}


2015-06-06 15:25:16 Error: [Cake\Routing\Exception\MissingControllerException] Controller class Files could not be found.
Exception Attributes: array (
  'class' => 'Files',
  'plugin' => NULL,
  'prefix' => NULL,
  '_ext' => NULL,
)
Request URL: /SudoFeedMe/files/issues/%7B%7Bimage%7D%7D
Stack Trace:
#0 C:\xampp\htdocs\SudoFeedMe\webroot\index.php(37): Cake\Routing\Dispatcher->dispatch(Object(Cake\Network\Request), Object(Cake\Network\Response))
#1 {main}


2015-06-06 15:26:05 Error: [Cake\Routing\Exception\MissingControllerException] Controller class Files could not be found.
Exception Attributes: array (
  'class' => 'Files',
  'plugin' => NULL,
  'prefix' => NULL,
  '_ext' => NULL,
)
Request URL: /SudoFeedMe/files/issues/%7B%7Bimage%7D%7D
Stack Trace:
#0 C:\xampp\htdocs\SudoFeedMe\webroot\index.php(37): Cake\Routing\Dispatcher->dispatch(Object(Cake\Network\Request), Object(Cake\Network\Response))
#1 {main}


2015-06-06 15:26:09 Error: [Cake\Routing\Exception\MissingControllerException] Controller class Files could not be found.
Exception Attributes: array (
  'class' => 'Files',
  'plugin' => NULL,
  'prefix' => NULL,
  '_ext' => NULL,
)
Request URL: /SudoFeedMe/files/issues/%7B%7Bimage%7D%7D
Stack Trace:
#0 C:\xampp\htdocs\SudoFeedMe\webroot\index.php(37): Cake\Routing\Dispatcher->dispatch(Object(Cake\Network\Request), Object(Cake\Network\Response))
#1 {main}


2015-06-06 15:26:30 Error: [Cake\Routing\Exception\MissingControllerException] Controller class Files could not be found.
Exception Attributes: array (
  'class' => 'Files',
  'plugin' => NULL,
  'prefix' => NULL,
  '_ext' => NULL,
)
Request URL: /SudoFeedMe/files/issues/%7B%7Bimage%7D%7D
Stack Trace:
#0 C:\xampp\htdocs\SudoFeedMe\webroot\index.php(37): Cake\Routing\Dispatcher->dispatch(Object(Cake\Network\Request), Object(Cake\Network\Response))
#1 {main}


2015-06-06 15:26:34 Error: [Cake\Routing\Exception\MissingControllerException] Controller class Files could not be found.
Exception Attributes: array (
  'class' => 'Files',
  'plugin' => NULL,
  'prefix' => NULL,
  '_ext' => NULL,
)
Request URL: /SudoFeedMe/files/issues/%7B%7Bimage%7D%7D
Stack Trace:
#0 C:\xampp\htdocs\SudoFeedMe\webroot\index.php(37): Cake\Routing\Dispatcher->dispatch(Object(Cake\Network\Request), Object(Cake\Network\Response))
#1 {main}


2015-06-06 15:27:16 Error: [Cake\Routing\Exception\MissingControllerException] Controller class Files could not be found.
Exception Attributes: array (
  'class' => 'Files',
  'plugin' => NULL,
  'prefix' => NULL,
  '_ext' => NULL,
)
Request URL: /SudoFeedMe/files/issues/%7B%7Bimage%7D%7D
Stack Trace:
#0 C:\xampp\htdocs\SudoFeedMe\webroot\index.php(37): Cake\Routing\Dispatcher->dispatch(Object(Cake\Network\Request), Object(Cake\Network\Response))
#1 {main}


2015-06-06 15:29:29 Error: [Cake\Routing\Exception\MissingControllerException] Controller class Files could not be found.
Exception Attributes: array (
  'class' => 'Files',
  'plugin' => NULL,
  'prefix' => NULL,
  '_ext' => NULL,
)
Request URL: /SudoFeedMe/files/issues/%7B%7Bimage%7D%7D
Stack Trace:
#0 C:\xampp\htdocs\SudoFeedMe\webroot\index.php(37): Cake\Routing\Dispatcher->dispatch(Object(Cake\Network\Request), Object(Cake\Network\Response))
#1 {main}


2015-06-06 15:29:49 Error: [Cake\Routing\Exception\MissingControllerException] Controller class Files could not be found.
Exception Attributes: array (
  'class' => 'Files',
  'plugin' => NULL,
  'prefix' => NULL,
  '_ext' => NULL,
)
Request URL: /SudoFeedMe/files/issues/%7B%7Bimage%7D%7D
Stack Trace:
#0 C:\xampp\htdocs\SudoFeedMe\webroot\index.php(37): Cake\Routing\Dispatcher->dispatch(Object(Cake\Network\Request), Object(Cake\Network\Response))
#1 {main}


2015-06-06 15:30:29 Error: [Cake\Routing\Exception\MissingControllerException] Controller class Files could not be found.
Exception Attributes: array (
  'class' => 'Files',
  'plugin' => NULL,
  'prefix' => NULL,
  '_ext' => NULL,
)
Request URL: /SudoFeedMe/files/issues/%7B%7Bimage%7D%7D
Stack Trace:
#0 C:\xampp\htdocs\SudoFeedMe\webroot\index.php(37): Cake\Routing\Dispatcher->dispatch(Object(Cake\Network\Request), Object(Cake\Network\Response))
#1 {main}


